<?xml version="1.0" encoding="UTF-8"?>
<testsuite name="Cucumber" time="12.28" tests="2" skipped="0" failures="0" errors="0">
<testcase classname="Test login funstionality" name="Check login is succesfully with valid credentials - Example #1.1" time="6.837">
<system-out><![CDATA[
Given Browser is  then opened...............................................passed
And user is on login page...................................................passed
When user enters student and Password123....................................passed
And user clicks on login....................................................passed
Then user navigates to the homepage.........................................passed
]]></system-out>
</testcase>
<testcase classname="Test login funstionality" name="Check login is succesfully with valid credentials - Example #1.2" time="5.232">
<system-out><![CDATA[
Given Browser is  then opened...............................................passed
And user is on login page...................................................passed
When user enters student and passFail.......................................passed
And user clicks on login....................................................passed
Then user navigates to the homepage.........................................passed
]]></system-out>
</testcase>
</testsuite>
